{
  "RSpec": {
    "coverage": {
      "/home/vaibhava/Documents/Project/PRM_test/spec/models/client_spec.rb": [
        1,
        null,
        1,
        null,
        1,
        1,
        null,
        1,
        null,
        null,
        1,
        1,
        null,
        1,
        null,
        null,
        1,
        1,
        1,
        null,
        1,
        null,
        null,
        null
      ],
      "/home/vaibhava/Documents/Project/PRM_test/spec/rails_helper.rb": [
        null,
        1,
        1,
        null,
        1,
        1,
        1,
        null,
        null,
        null,
        null,
        null,
        null,
        null,
        null,
        null,
        null,
        null,
        null,
        null,
        null,
        null,
        null,
        null,
        null,
        null,
        1,
        null,
        1,
        null,
        null,
        1,
        null,
        null,
        null,
        null,
        1,
        null,
        null,
        null,
        null,
        null,
        null,
        null,
        null,
        null,
        null,
        null,
        null,
        null,
        null,
        1,
        null,
        null,
        1,
        null,
        null,
        null
      ],
      "/home/vaibhava/Documents/Project/PRM_test/config/environment.rb": [
        null,
        1,
        null,
        null,
        1
      ],
      "/home/vaibhava/Documents/Project/PRM_test/config/application.rb": [
        1,
        null,
        1,
        null,
        null,
        null,
        1,
        null,
        1,
        1,
        null,
        null,
        null,
        null,
        null,
        null,
        null,
        null,
        null,
        null,
        null,
        null,
        null,
        1,
        null,
        null,
        1,
        null,
        1,
        1,
        null,
        1,
        1,
        1,
        1,
        null,
        null,
        null,
        null,
        null,
        null,
        null,
        null
      ],
      "/home/vaibhava/Documents/Project/PRM_test/config/boot.rb": [
        1,
        null,
        1
      ],
      "/home/vaibhava/Documents/Project/PRM_test/config/environments/test.rb": [
        1,
        null,
        null,
        null,
        null,
        null,
        null,
        1,
        null,
        null,
        null,
        null,
        1,
        null,
        null,
        1,
        1,
        null,
        null,
        1,
        1,
        null,
        null,
        1,
        null,
        null,
        1,
        null,
        null,
        null,
        null,
        1,
        null,
        null,
        1,
        null,
        null,
        1,
        null,
        null,
        null,
        null
      ],
      "/home/vaibhava/Documents/Project/PRM_test/config/initializers/assets.rb": [
        null,
        null,
        null,
        1,
        null,
        null,
        null,
        null,
        null,
        null,
        null
      ],
      "/home/vaibhava/Documents/Project/PRM_test/config/initializers/backtrace_silencers.rb": [
        null,
        null,
        null,
        null,
        null,
        null,
        null
      ],
      "/home/vaibhava/Documents/Project/PRM_test/config/initializers/cookies_serializer.rb": [
        null,
        null,
        1
      ],
      "/home/vaibhava/Documents/Project/PRM_test/config/initializers/filter_parameter_logging.rb": [
        null,
        null,
        null,
        1
      ],
      "/home/vaibhava/Documents/Project/PRM_test/config/initializers/inflections.rb": [
        null,
        null,
        null,
        null,
        null,
        null,
        null,
        null,
        null,
        null,
        null,
        null,
        null,
        null,
        null,
        null
      ],
      "/home/vaibhava/Documents/Project/PRM_test/config/initializers/knock.rb": [
        1,
        null,
        null,
        null,
        null,
        null,
        null,
        null,
        null,
        null,
        null,
        null,
        null,
        null,
        null,
        null,
        null,
        null,
        null,
        null,
        null,
        null,
        null,
        null,
        null,
        null,
        null,
        null,
        null,
        null,
        null,
        null,
        1,
        null,
        null,
        null,
        null,
        null,
        null,
        null,
        null,
        1,
        null,
        null,
        3,
        null,
        null
      ],
      "/home/vaibhava/Documents/Project/PRM_test/config/initializers/mime_types.rb": [
        null,
        null,
        null,
        null
      ],
      "/home/vaibhava/Documents/Project/PRM_test/config/initializers/session_store.rb": [
        null,
        null,
        1
      ],
      "/home/vaibhava/Documents/Project/PRM_test/config/initializers/will_paginate.rb": [
        1
      ],
      "/home/vaibhava/Documents/Project/PRM_test/config/initializers/wrap_parameters.rb": [
        null,
        null,
        null,
        null,
        null,
        null,
        1,
        1,
        null,
        null,
        null,
        null,
        null,
        null
      ],
      "/home/vaibhava/Documents/Project/PRM_test/spec/factories/client_specialities.rb": [
        1,
        1,
        1,
        1,
        null,
        null,
        null
      ],
      "/home/vaibhava/Documents/Project/PRM_test/spec/factories/client_users.rb": [
        1,
        1,
        1,
        1,
        null,
        null,
        null
      ],
      "/home/vaibhava/Documents/Project/PRM_test/spec/factories/clients.rb": [
        1,
        1,
        null,
        1,
        1,
        1,
        1,
        1,
        1,
        null,
        null,
        null
      ],
      "/home/vaibhava/Documents/Project/PRM_test/spec/factories/liason_physicians.rb": [
        1,
        1,
        1,
        1,
        null,
        null,
        null
      ],
      "/home/vaibhava/Documents/Project/PRM_test/spec/factories/liasons.rb": [
        1,
        1,
        1,
        1,
        null,
        null,
        null
      ],
      "/home/vaibhava/Documents/Project/PRM_test/spec/factories/locations.rb": [
        1,
        1,
        null,
        null,
        null,
        1,
        1,
        null,
        null,
        null
      ],
      "/home/vaibhava/Documents/Project/PRM_test/spec/factories/physicians.rb": [
        1,
        1,
        1,
        1,
        1,
        1,
        1,
        1,
        1,
        1,
        1,
        1,
        null,
        null,
        null,
        null,
        null,
        1,
        1,
        null,
        null,
        null
      ],
      "/home/vaibhava/Documents/Project/PRM_test/spec/factories/specialities.rb": [
        1,
        1,
        null,
        null,
        1,
        1,
        null,
        null,
        null,
        null
      ],
      "/home/vaibhava/Documents/Project/PRM_test/spec/factories/users.rb": [
        1,
        1,
        1,
        1,
        1,
        1,
        null,
        null,
        null
      ],
      "/home/vaibhava/Documents/Project/PRM_test/config/routes.rb": [
        1,
        null,
        1,
        1,
        null,
        1,
        1,
        1,
        1,
        1,
        1,
        null,
        null,
        null,
        null,
        null,
        null,
        null,
        null,
        null,
        null,
        null,
        null,
        null,
        null,
        null,
        null,
        null,
        null,
        null,
        null,
        null,
        null,
        null,
        null,
        null,
        null,
        null,
        null,
        null,
        null,
        null,
        null,
        null,
        null,
        null,
        null,
        null,
        null,
        null,
        null,
        null,
        null,
        null,
        null,
        null,
        null,
        null,
        null,
        null,
        null,
        null,
        null,
        null,
        null,
        null,
        null,
        null,
        null
      ],
      "/home/vaibhava/Documents/Project/PRM_test/app/helpers/application_helper.rb": [
        1,
        null
      ],
      "/home/vaibhava/Documents/Project/PRM_test/app/models/client.rb": [
        1,
        1,
        1,
        1,
        1,
        null,
        null,
        1,
        null,
        null,
        null
      ],
      "/home/vaibhava/Documents/Project/PRM_test/spec/models/client_speciality_spec.rb": [
        1,
        null,
        1,
        1,
        null
      ],
      "/home/vaibhava/Documents/Project/PRM_test/app/models/client_speciality.rb": [
        1,
        1,
        1,
        null,
        1,
        1,
        null,
        null
      ],
      "/home/vaibhava/Documents/Project/PRM_test/spec/models/client_user_spec.rb": [
        1,
        null,
        1,
        1,
        null
      ],
      "/home/vaibhava/Documents/Project/PRM_test/app/models/client_user.rb": [
        1,
        1,
        1,
        null
      ],
      "/home/vaibhava/Documents/Project/PRM_test/spec/models/liason_physician_spec.rb": [
        1,
        null,
        1,
        1,
        null
      ],
      "/home/vaibhava/Documents/Project/PRM_test/app/models/liason_physician.rb": [
        1,
        1,
        1,
        null,
        null,
        null
      ],
      "/home/vaibhava/Documents/Project/PRM_test/spec/models/liason_spec.rb": [
        1,
        null,
        1,
        1,
        null
      ],
      "/home/vaibhava/Documents/Project/PRM_test/app/models/liason.rb": [
        1,
        1,
        1,
        null,
        1,
        0,
        0,
        null,
        null,
        1,
        0,
        null,
        null,
        null
      ],
      "/home/vaibhava/Documents/Project/PRM_test/app/models/user.rb": [
        1,
        1,
        1,
        1,
        1,
        null,
        null,
        null
      ],
      "/home/vaibhava/Documents/Project/PRM_test/spec/models/location_spec.rb": [
        1,
        null,
        1,
        null,
        6,
        null,
        1,
        1,
        null,
        1,
        null,
        null,
        1,
        1,
        null,
        1,
        null,
        null,
        1,
        1,
        null,
        1,
        null,
        null,
        1,
        1,
        null,
        1,
        null,
        null,
        1,
        1,
        null,
        1,
        null,
        null,
        1,
        1,
        null,
        1,
        null,
        null,
        null
      ],
      "/home/vaibhava/Documents/Project/PRM_test/app/models/location.rb": [
        1,
        null,
        1,
        1,
        null,
        1,
        1,
        1,
        null,
        null
      ],
      "/home/vaibhava/Documents/Project/PRM_test/spec/models/physician_spec.rb": [
        1,
        null,
        1,
        null,
        2,
        2,
        2,
        null,
        1,
        1,
        null,
        1,
        null,
        null,
        null
      ],
      "/home/vaibhava/Documents/Project/PRM_test/app/models/physician.rb": [
        1,
        1,
        1,
        1,
        1,
        1,
        null,
        1,
        0,
        null,
        null,
        1,
        0,
        null,
        null,
        1,
        0,
        null,
        null,
        1,
        null,
        1,
        null,
        1,
        0,
        null,
        null,
        null
      ],
      "/home/vaibhava/Documents/Project/PRM_test/spec/models/speciality_spec.rb": [
        1,
        null,
        1,
        1,
        null,
        1,
        1,
        null,
        1,
        null,
        null,
        1,
        1,
        null,
        1,
        null,
        null,
        1,
        1,
        1,
        null,
        1,
        null,
        null,
        1,
        1,
        null,
        1,
        null,
        null
      ],
      "/home/vaibhava/Documents/Project/PRM_test/app/models/speciality.rb": [
        1,
        1,
        1,
        1,
        null,
        1,
        null,
        1,
        null
      ],
      "/home/vaibhava/Documents/Project/PRM_test/spec/requests/authentication_spec.rb": [
        1,
        null,
        1,
        null,
        2,
        null,
        1,
        null,
        1,
        null,
        null,
        null,
        1,
        1,
        null,
        null,
        null
      ],
      "/home/vaibhava/Documents/Project/PRM_test/spec/requests/locations_spec.rb": [
        1,
        null,
        1,
        null,
        2,
        null,
        1,
        1,
        null,
        null,
        null,
        1,
        null,
        null,
        1,
        1,
        null,
        1,
        null,
        null,
        1,
        null,
        1,
        null,
        null,
        null,
        null,
        null,
        null,
        1,
        0,
        null,
        null
      ],
      "/home/vaibhava/Documents/Project/PRM_test/spec/requests/physicians_spec.rb": [
        1,
        null,
        1,
        null,
        1,
        null,
        1,
        0,
        null,
        null,
        null,
        null,
        0,
        null,
        null,
        6,
        6,
        6,
        null,
        1,
        1,
        null,
        1,
        null,
        null,
        1,
        1,
        null,
        null,
        null,
        null,
        null,
        null,
        null,
        null,
        null,
        null,
        null,
        0,
        0,
        null,
        null,
        1,
        null,
        1,
        null,
        null,
        null,
        null,
        null,
        null,
        null,
        null,
        null,
        null,
        null,
        0,
        0,
        null,
        null,
        1,
        1,
        null,
        null,
        null,
        null,
        null,
        null,
        null,
        null,
        null,
        null,
        null,
        0,
        0,
        null,
        null,
        1,
        1,
        null,
        null,
        null,
        null,
        null,
        null,
        null,
        null,
        null,
        null,
        0,
        null,
        null,
        1,
        1,
        null,
        null,
        null,
        null,
        null,
        null,
        null,
        null,
        null,
        null,
        null,
        0,
        null,
        null
      ],
      "/home/vaibhava/Documents/Project/PRM_test/spec/requests/specialities_spec.rb": [
        1,
        null,
        1,
        1,
        null,
        1,
        1,
        null,
        null,
        null,
        null,
        0,
        null,
        null,
        1,
        1,
        null,
        0,
        null,
        null,
        1,
        null,
        1,
        null,
        null,
        null,
        null,
        null,
        null,
        0,
        0,
        null,
        null
      ],
      "/home/vaibhava/Documents/Project/PRM_test/spec/routing/authentication_routing_spec.rb": [
        1,
        null,
        1,
        1,
        1,
        null,
        null
      ],
      "/home/vaibhava/Documents/Project/PRM_test/spec/routing/location_routing_spec.rb": [
        1,
        null,
        1,
        1,
        1,
        1,
        null,
        null
      ],
      "/home/vaibhava/Documents/Project/PRM_test/spec/routing/physicians_routing_spec.rb": [
        1,
        null,
        1,
        1,
        1,
        1,
        null,
        null
      ],
      "/home/vaibhava/Documents/Project/PRM_test/spec/routing/specialities_routing_spec.rb": [
        1,
        null,
        1,
        1,
        1,
        1,
        null,
        null
      ],
      "/home/vaibhava/Documents/Project/PRM_test/app/controllers/api/v1/locations_controller.rb": [
        1,
        1,
        1,
        1,
        null,
        1,
        0,
        null,
        0,
        null,
        null,
        null,
        null,
        null
      ],
      "/home/vaibhava/Documents/Project/PRM_test/app/controllers/api/api_controller.rb": [
        1,
        1,
        1,
        5,
        1,
        1,
        null,
        null,
        null
      ],
      "/home/vaibhava/Documents/Project/PRM_test/app/controllers/application_controller.rb": [
        1,
        1,
        null,
        null,
        1,
        null
      ],
      "/home/vaibhava/Documents/Project/PRM_test/app/controllers/concerns/api_management.rb": [
        1,
        1,
        null,
        1,
        null,
        1,
        1,
        0,
        0,
        null,
        null,
        null,
        null,
        null,
        null,
        null,
        null,
        null,
        null,
        null,
        1,
        1,
        0,
        null,
        null,
        null,
        null
      ],
      "/home/vaibhava/Documents/Project/PRM_test/app/controllers/api/v1/physicians_controller.rb": [
        1,
        1,
        null,
        1,
        1,
        1,
        1,
        1,
        null,
        null,
        null,
        null,
        null,
        null,
        null,
        null,
        null,
        null,
        1,
        0,
        0,
        0,
        0,
        null,
        null,
        0,
        null,
        null,
        null,
        0,
        null,
        0,
        null,
        null,
        null,
        0,
        null,
        0,
        null,
        0,
        null,
        null,
        1,
        1,
        null,
        0,
        0,
        0,
        0,
        0,
        null,
        null,
        null,
        null,
        null
      ],
      "/home/vaibhava/Documents/Project/PRM_test/app/controllers/api/v1/specialities_controller.rb": [
        1,
        1,
        1,
        1,
        null,
        null,
        1,
        0,
        0,
        null,
        0,
        null,
        0,
        null,
        null,
        null,
        null
      ]
    },
    "timestamp": 1454328610
  }
}
