{
  "RSpec": {
    "coverage": {
      "/home/satya/Projects/PRMApplication/spec/routing/authentication_routing_spec.rb": [
        1,
        null,
        1,
        1,
        1,
        null,
        null
      ],
      "/home/satya/Projects/PRMApplication/spec/rails_helper.rb": [
        null,
        1,
        1,
        null,
        1,
        1,
        1,
        null,
        null,
        null,
        null,
        null,
        null,
        null,
        null,
        null,
        null,
        null,
        null,
        null,
        null,
        null,
        null,
        null,
        null,
        null,
        1,
        null,
        1,
        null,
        null,
        1,
        null,
        null,
        null,
        null,
        1,
        null,
        null,
        null,
        null,
        null,
        null,
        null,
        null,
        null,
        null,
        null,
        null,
        null,
        null,
        1,
        null,
        null,
        1,
        null,
        null,
        null
      ],
      "/home/satya/Projects/PRMApplication/config/environment.rb": [
        null,
        1,
        null,
        null,
        1
      ],
      "/home/satya/Projects/PRMApplication/config/application.rb": [
        1,
        null,
        1,
        null,
        null,
        null,
        1,
        null,
        1,
        1,
        null,
        null,
        null,
        null,
        null,
        null,
        null,
        null,
        null,
        null,
        null,
        null,
        null,
        1,
        null,
        null,
        1,
        null,
        1,
        1,
        null,
        1,
        1,
        1,
        1,
        null,
        null,
        null,
        null,
        null,
        null,
        null,
        null
      ],
      "/home/satya/Projects/PRMApplication/config/boot.rb": [
        1,
        null,
        1
      ],
      "/home/satya/Projects/PRMApplication/config/environments/test.rb": [
        1,
        null,
        null,
        null,
        null,
        null,
        null,
        1,
        null,
        null,
        null,
        null,
        1,
        null,
        null,
        1,
        1,
        null,
        null,
        1,
        1,
        null,
        null,
        1,
        null,
        null,
        1,
        null,
        null,
        null,
        null,
        1,
        null,
        null,
        1,
        null,
        null,
        1,
        null,
        null,
        null,
        null
      ],
      "/home/satya/Projects/PRMApplication/config/initializers/assets.rb": [
        null,
        null,
        null,
        1,
        null,
        null,
        null,
        null,
        null,
        null,
        null
      ],
      "/home/satya/Projects/PRMApplication/config/initializers/backtrace_silencers.rb": [
        null,
        null,
        null,
        null,
        null,
        null,
        null
      ],
      "/home/satya/Projects/PRMApplication/config/initializers/cookies_serializer.rb": [
        null,
        null,
        1
      ],
      "/home/satya/Projects/PRMApplication/config/initializers/filter_parameter_logging.rb": [
        null,
        null,
        null,
        1
      ],
      "/home/satya/Projects/PRMApplication/config/initializers/inflections.rb": [
        null,
        null,
        null,
        null,
        null,
        null,
        null,
        null,
        null,
        null,
        null,
        null,
        null,
        null,
        null,
        null
      ],
      "/home/satya/Projects/PRMApplication/config/initializers/knock.rb": [
        1,
        null,
        null,
        null,
        null,
        null,
        null,
        null,
        null,
        null,
        1,
        null,
        null,
        null,
        null,
        null,
        null,
        null,
        null,
        1,
        null,
        null,
        null,
        null,
        null,
        null,
        null,
        null,
        null,
        null,
        null,
        null,
        null,
        null,
        null,
        null,
        null,
        null,
        null,
        null,
        null,
        null,
        null,
        null,
        null,
        null,
        null
      ],
      "/home/satya/Projects/PRMApplication/config/initializers/mime_types.rb": [
        null,
        null,
        null,
        null
      ],
      "/home/satya/Projects/PRMApplication/config/initializers/session_store.rb": [
        null,
        null,
        1
      ],
      "/home/satya/Projects/PRMApplication/config/initializers/will_paginate.rb": [
        1
      ],
      "/home/satya/Projects/PRMApplication/config/initializers/wrap_parameters.rb": [
        null,
        null,
        null,
        null,
        null,
        null,
        1,
        1,
        null,
        null,
        null,
        null,
        null,
        null
      ],
      "/home/satya/Projects/PRMApplication/spec/factories/client_specialities.rb": [
        1,
        1,
        1,
        1,
        null,
        null,
        null
      ],
      "/home/satya/Projects/PRMApplication/spec/factories/client_users.rb": [
        1,
        1,
        1,
        1,
        null,
        null,
        null
      ],
      "/home/satya/Projects/PRMApplication/spec/factories/clients.rb": [
        1,
        1,
        null,
        1,
        1,
        null,
        null,
        null
      ],
      "/home/satya/Projects/PRMApplication/spec/factories/liason_physicians.rb": [
        1,
        1,
        1,
        1,
        null,
        null,
        null
      ],
      "/home/satya/Projects/PRMApplication/spec/factories/liasons.rb": [
        1,
        1,
        1,
        1,
        null,
        null,
        null
      ],
      "/home/satya/Projects/PRMApplication/spec/factories/locations.rb": [
        1,
        1,
        null,
        null,
        null,
        1,
        1,
        null,
        null,
        null
      ],
      "/home/satya/Projects/PRMApplication/spec/factories/physicians.rb": [
        1,
        1,
        1,
        1,
        1,
        1,
        1,
        1,
        1,
        1,
        1,
        1,
        null,
        null,
        null,
        null,
        null,
        1,
        1,
        null,
        null,
        null
      ],
      "/home/satya/Projects/PRMApplication/spec/factories/specialities.rb": [
        1,
        1,
        null,
        null,
        1,
        1,
        null,
        null,
        null,
        null
      ],
      "/home/satya/Projects/PRMApplication/spec/factories/users.rb": [
        1,
        1,
        1,
        1,
        1,
        1,
        null,
        null,
        null
      ],
      "/home/satya/Projects/PRMApplication/config/routes.rb": [
        1,
        null,
        1,
        1,
        null,
        1,
        1,
        1,
        1,
        1,
        1,
        null,
        null,
        null,
        null,
        null,
        null,
        null,
        null,
        null,
        null,
        null,
        null,
        null,
        null,
        null,
        null,
        null,
        null,
        null,
        null,
        null,
        null,
        null,
        null,
        null,
        null,
        null,
        null,
        null,
        null,
        null,
        null,
        null,
        null,
        null,
        null,
        null,
        null,
        null,
        null,
        null,
        null,
        null,
        null,
        null,
        null,
        null,
        null,
        null,
        null,
        null,
        null,
        null,
        null,
        null,
        null,
        null,
        null
      ],
      "/home/satya/Projects/PRMApplication/app/helpers/application_helper.rb": [
        1,
        null
      ]
    },
    "timestamp": 1453213806
  }
}
